\BOOKMARK [1][-]{section.1}{Abstract}{}% 1
\BOOKMARK [1][-]{section.2}{Executive Summary}{}% 2
\BOOKMARK [1][-]{section.3}{Usage}{}% 3
\BOOKMARK [2][-]{subsection.3.1}{Build Procedure}{section.3}% 4
\BOOKMARK [3][-]{subsubsection.3.1.1}{Autotools}{subsection.3.1}% 5
\BOOKMARK [2][-]{subsection.3.2}{Input Options}{section.3}% 6
\BOOKMARK [2][-]{subsection.3.3}{Verification Procedure}{section.3}% 7
\BOOKMARK [2][-]{subsection.3.4}{Verification Exercise}{section.3}% 8
\BOOKMARK [2][-]{subsection.3.5}{Performance Measures}{section.3}% 9
\BOOKMARK [1][-]{section.4}{Problem Setup}{}% 10
\BOOKMARK [2][-]{subsection.4.1}{Governing Equations}{section.4}% 11
\BOOKMARK [3][-]{subsubsection.4.1.1}{One Dimensional Case}{subsection.4.1}% 12
\BOOKMARK [3][-]{subsubsection.4.1.2}{Two Dimensional Case}{subsection.4.1}% 13
\BOOKMARK [2][-]{subsection.4.2}{Nomenclature}{section.4}% 14
\BOOKMARK [3][-]{subsubsection.4.2.1}{One Dimensional Case}{subsection.4.2}% 15
\BOOKMARK [3][-]{subsubsection.4.2.2}{Two Dimensional Case}{subsection.4.2}% 16
\BOOKMARK [2][-]{subsection.4.3}{Boundary Conditions}{section.4}% 17
\BOOKMARK [3][-]{subsubsection.4.3.1}{One Dimensional Case}{subsection.4.3}% 18
\BOOKMARK [3][-]{subsubsection.4.3.2}{Two Dimensional Case}{subsection.4.3}% 19
\BOOKMARK [2][-]{subsection.4.4}{Constitutive Inputs}{section.4}% 20
\BOOKMARK [3][-]{subsubsection.4.4.1}{One Dimensional Case}{subsection.4.4}% 21
\BOOKMARK [3][-]{subsubsection.4.4.2}{Two Dimensional Case}{subsection.4.4}% 22
\BOOKMARK [1][-]{section.5}{Assumptions}{}% 23
\BOOKMARK [2][-]{subsection.5.1}{One Dimensional Case}{section.5}% 24
\BOOKMARK [2][-]{subsection.5.2}{Two Dimensional Case}{section.5}% 25
\BOOKMARK [1][-]{section.6}{Numerics}{}% 26
\BOOKMARK [2][-]{subsection.6.1}{Finite Difference}{section.6}% 27
\BOOKMARK [3][-]{subsubsection.6.1.1}{One Dimensional Case}{subsection.6.1}% 28
\BOOKMARK [3][-]{subsubsection.6.1.2}{Two Dimensional Case}{subsection.6.1}% 29
\BOOKMARK [2][-]{subsection.6.2}{Meshing}{section.6}% 30
\BOOKMARK [3][-]{subsubsection.6.2.1}{General Notes}{subsection.6.2}% 31
\BOOKMARK [3][-]{subsubsection.6.2.2}{1D Problem}{subsection.6.2}% 32
\BOOKMARK [3][-]{subsubsection.6.2.3}{2D Problem}{subsection.6.2}% 33
\BOOKMARK [2][-]{subsection.6.3}{Linear System}{section.6}% 34
\BOOKMARK [3][-]{subsubsection.6.3.1}{1D Problem}{subsection.6.3}% 35
\BOOKMARK [3][-]{subsubsection.6.3.2}{2D Problem}{subsection.6.3}% 36
\BOOKMARK [2][-]{subsection.6.4}{Solvers}{section.6}% 37
\BOOKMARK [3][-]{subsubsection.6.4.1}{Jacobi}{subsection.6.4}% 38
\BOOKMARK [3][-]{subsubsection.6.4.2}{Gauss-Seidel}{subsection.6.4}% 39
\BOOKMARK [2][-]{subsection.6.5}{Memory Considerations}{section.6}% 40
\BOOKMARK [3][-]{subsubsection.6.5.1}{1D Problem}{subsection.6.5}% 41
\BOOKMARK [3][-]{subsubsection.6.5.2}{2D Problem}{subsection.6.5}% 42
